2015-07-29 15:29:22 Error: [MissingViewException] View file "C:\wamp\www\extazcms\app\View\Pages\admin_send_message.twig" is missing.
Exception Attributes: array (
  'file' => 'C:\\wamp\\www\\extazcms\\app\\View\\Pages\\admin_send_message.twig',
)
Request URL: /extazcms/admin/pages/send_message
Stack Trace:
#0 C:\wamp\www\extazcms\lib\Cake\View\View.php(468): View->_getViewFileName(NULL)
#1 C:\wamp\www\extazcms\lib\Cake\Controller\Controller.php(954): View->render(NULL, NULL)
#2 C:\wamp\www\extazcms\lib\Cake\Routing\Dispatcher.php(198): Controller->render()
#3 C:\wamp\www\extazcms\lib\Cake\Routing\Dispatcher.php(165): Dispatcher->_invoke(Object(PagesController), Object(CakeRequest))
#4 C:\wamp\www\extazcms\app\webroot\index.php(108): Dispatcher->dispatch(Object(CakeRequest), Object(CakeResponse))
#5 {main}
2015-07-29 15:29:27 Error: [MissingViewException] View file "C:\wamp\www\extazcms\app\View\Pages\admin_send_message.twig" is missing.
Exception Attributes: array (
  'file' => 'C:\\wamp\\www\\extazcms\\app\\View\\Pages\\admin_send_message.twig',
)
Request URL: /extazcms/admin/pages/send_message
Stack Trace:
#0 C:\wamp\www\extazcms\lib\Cake\View\View.php(468): View->_getViewFileName(NULL)
#1 C:\wamp\www\extazcms\lib\Cake\Controller\Controller.php(954): View->render(NULL, NULL)
#2 C:\wamp\www\extazcms\lib\Cake\Routing\Dispatcher.php(198): Controller->render()
#3 C:\wamp\www\extazcms\lib\Cake\Routing\Dispatcher.php(165): Dispatcher->_invoke(Object(PagesController), Object(CakeRequest))
#4 C:\wamp\www\extazcms\app\webroot\index.php(108): Dispatcher->dispatch(Object(CakeRequest), Object(CakeResponse))
#5 {main}
2015-07-29 15:29:28 Error: [MissingViewException] View file "C:\wamp\www\extazcms\app\View\Pages\admin_send_message.twig" is missing.
Exception Attributes: array (
  'file' => 'C:\\wamp\\www\\extazcms\\app\\View\\Pages\\admin_send_message.twig',
)
Request URL: /extazcms/admin/pages/send_message
Stack Trace:
#0 C:\wamp\www\extazcms\lib\Cake\View\View.php(468): View->_getViewFileName(NULL)
#1 C:\wamp\www\extazcms\lib\Cake\Controller\Controller.php(954): View->render(NULL, NULL)
#2 C:\wamp\www\extazcms\lib\Cake\Routing\Dispatcher.php(198): Controller->render()
#3 C:\wamp\www\extazcms\lib\Cake\Routing\Dispatcher.php(165): Dispatcher->_invoke(Object(PagesController), Object(CakeRequest))
#4 C:\wamp\www\extazcms\app\webroot\index.php(108): Dispatcher->dispatch(Object(CakeRequest), Object(CakeResponse))
#5 {main}
2015-07-29 15:29:29 Error: [MissingViewException] View file "C:\wamp\www\extazcms\app\View\Pages\admin_send_message.twig" is missing.
Exception Attributes: array (
  'file' => 'C:\\wamp\\www\\extazcms\\app\\View\\Pages\\admin_send_message.twig',
)
Request URL: /extazcms/admin/pages/send_message
Stack Trace:
#0 C:\wamp\www\extazcms\lib\Cake\View\View.php(468): View->_getViewFileName(NULL)
#1 C:\wamp\www\extazcms\lib\Cake\Controller\Controller.php(954): View->render(NULL, NULL)
#2 C:\wamp\www\extazcms\lib\Cake\Routing\Dispatcher.php(198): Controller->render()
#3 C:\wamp\www\extazcms\lib\Cake\Routing\Dispatcher.php(165): Dispatcher->_invoke(Object(PagesController), Object(CakeRequest))
#4 C:\wamp\www\extazcms\app\webroot\index.php(108): Dispatcher->dispatch(Object(CakeRequest), Object(CakeResponse))
#5 {main}
2015-07-29 15:29:30 Error: [MissingViewException] View file "C:\wamp\www\extazcms\app\View\Pages\admin_send_message.twig" is missing.
Exception Attributes: array (
  'file' => 'C:\\wamp\\www\\extazcms\\app\\View\\Pages\\admin_send_message.twig',
)
Request URL: /extazcms/admin/pages/send_message
Stack Trace:
#0 C:\wamp\www\extazcms\lib\Cake\View\View.php(468): View->_getViewFileName(NULL)
#1 C:\wamp\www\extazcms\lib\Cake\Controller\Controller.php(954): View->render(NULL, NULL)
#2 C:\wamp\www\extazcms\lib\Cake\Routing\Dispatcher.php(198): Controller->render()
#3 C:\wamp\www\extazcms\lib\Cake\Routing\Dispatcher.php(165): Dispatcher->_invoke(Object(PagesController), Object(CakeRequest))
#4 C:\wamp\www\extazcms\app\webroot\index.php(108): Dispatcher->dispatch(Object(CakeRequest), Object(CakeResponse))
#5 {main}
2015-07-29 15:29:31 Error: [MissingViewException] View file "C:\wamp\www\extazcms\app\View\Pages\admin_send_message.twig" is missing.
Exception Attributes: array (
  'file' => 'C:\\wamp\\www\\extazcms\\app\\View\\Pages\\admin_send_message.twig',
)
Request URL: /extazcms/admin/pages/send_message
Stack Trace:
#0 C:\wamp\www\extazcms\lib\Cake\View\View.php(468): View->_getViewFileName(NULL)
#1 C:\wamp\www\extazcms\lib\Cake\Controller\Controller.php(954): View->render(NULL, NULL)
#2 C:\wamp\www\extazcms\lib\Cake\Routing\Dispatcher.php(198): Controller->render()
#3 C:\wamp\www\extazcms\lib\Cake\Routing\Dispatcher.php(165): Dispatcher->_invoke(Object(PagesController), Object(CakeRequest))
#4 C:\wamp\www\extazcms\app\webroot\index.php(108): Dispatcher->dispatch(Object(CakeRequest), Object(CakeResponse))
#5 {main}
2015-07-29 15:29:32 Error: [MissingViewException] View file "C:\wamp\www\extazcms\app\View\Pages\admin_send_message.twig" is missing.
Exception Attributes: array (
  'file' => 'C:\\wamp\\www\\extazcms\\app\\View\\Pages\\admin_send_message.twig',
)
Request URL: /extazcms/admin/pages/send_message
Stack Trace:
#0 C:\wamp\www\extazcms\lib\Cake\View\View.php(468): View->_getViewFileName(NULL)
#1 C:\wamp\www\extazcms\lib\Cake\Controller\Controller.php(954): View->render(NULL, NULL)
#2 C:\wamp\www\extazcms\lib\Cake\Routing\Dispatcher.php(198): Controller->render()
#3 C:\wamp\www\extazcms\lib\Cake\Routing\Dispatcher.php(165): Dispatcher->_invoke(Object(PagesController), Object(CakeRequest))
#4 C:\wamp\www\extazcms\app\webroot\index.php(108): Dispatcher->dispatch(Object(CakeRequest), Object(CakeResponse))
#5 {main}
2015-07-29 16:53:41 Error: Fatal Error (4): syntax error, unexpected 'else' (T_ELSE), expecting function (T_FUNCTION) in [C:\wamp\www\extazcms\app\Controller\PagesController.php, line 435]
2015-07-29 16:53:41 Error: [InternalErrorException] Internal Server Error
Request URL: /extazcms/admin
Stack Trace:
#0 C:\wamp\www\extazcms\lib\Cake\Error\ErrorHandler.php(203): ErrorHandler::handleFatalError(4, 'syntax error, u...', 'C:\\wamp\\www\\ext...', 435)
#1 [internal function]: ErrorHandler::handleError(4, 'syntax error, u...', 'C:\\wamp\\www\\ext...', 435, Array)
#2 C:\wamp\www\extazcms\lib\Cake\Core\App.php(931): call_user_func('ErrorHandler::h...', 4, 'syntax error, u...', 'C:\\wamp\\www\\ext...', 435, Array)
#3 C:\wamp\www\extazcms\lib\Cake\Core\App.php(904): App::_checkFatalError()
#4 [internal function]: App::shutdown()
#5 {main}
2015-07-29 16:53:44 Error: Fatal Error (4): syntax error, unexpected 'else' (T_ELSE), expecting function (T_FUNCTION) in [C:\wamp\www\extazcms\app\Controller\PagesController.php, line 435]
2015-07-29 16:53:44 Error: [InternalErrorException] Internal Server Error
Request URL: /extazcms/admin
Stack Trace:
#0 C:\wamp\www\extazcms\lib\Cake\Error\ErrorHandler.php(203): ErrorHandler::handleFatalError(4, 'syntax error, u...', 'C:\\wamp\\www\\ext...', 435)
#1 [internal function]: ErrorHandler::handleError(4, 'syntax error, u...', 'C:\\wamp\\www\\ext...', 435, Array)
#2 C:\wamp\www\extazcms\lib\Cake\Core\App.php(931): call_user_func('ErrorHandler::h...', 4, 'syntax error, u...', 'C:\\wamp\\www\\ext...', 435, Array)
#3 C:\wamp\www\extazcms\lib\Cake\Core\App.php(904): App::_checkFatalError()
#4 [internal function]: App::shutdown()
#5 {main}
2015-07-29 16:53:47 Error: Fatal Error (4): syntax error, unexpected 'else' (T_ELSE), expecting function (T_FUNCTION) in [C:\wamp\www\extazcms\app\Controller\PagesController.php, line 435]
2015-07-29 16:53:47 Error: [InternalErrorException] Internal Server Error
Request URL: /extazcms/admin
Stack Trace:
#0 C:\wamp\www\extazcms\lib\Cake\Error\ErrorHandler.php(203): ErrorHandler::handleFatalError(4, 'syntax error, u...', 'C:\\wamp\\www\\ext...', 435)
#1 [internal function]: ErrorHandler::handleError(4, 'syntax error, u...', 'C:\\wamp\\www\\ext...', 435, Array)
#2 C:\wamp\www\extazcms\lib\Cake\Core\App.php(931): call_user_func('ErrorHandler::h...', 4, 'syntax error, u...', 'C:\\wamp\\www\\ext...', 435, Array)
#3 C:\wamp\www\extazcms\lib\Cake\Core\App.php(904): App::_checkFatalError()
#4 [internal function]: App::shutdown()
#5 {main}
2015-07-29 16:53:50 Error: Fatal Error (4): syntax error, unexpected 'else' (T_ELSE), expecting function (T_FUNCTION) in [C:\wamp\www\extazcms\app\Controller\PagesController.php, line 435]
2015-07-29 16:53:50 Error: [InternalErrorException] Internal Server Error
Request URL: /extazcms/admin
Stack Trace:
#0 C:\wamp\www\extazcms\lib\Cake\Error\ErrorHandler.php(203): ErrorHandler::handleFatalError(4, 'syntax error, u...', 'C:\\wamp\\www\\ext...', 435)
#1 [internal function]: ErrorHandler::handleError(4, 'syntax error, u...', 'C:\\wamp\\www\\ext...', 435, Array)
#2 C:\wamp\www\extazcms\lib\Cake\Core\App.php(931): call_user_func('ErrorHandler::h...', 4, 'syntax error, u...', 'C:\\wamp\\www\\ext...', 435, Array)
#3 C:\wamp\www\extazcms\lib\Cake\Core\App.php(904): App::_checkFatalError()
#4 [internal function]: App::shutdown()
#5 {main}
2015-07-29 16:53:53 Error: Fatal Error (4): syntax error, unexpected 'else' (T_ELSE), expecting function (T_FUNCTION) in [C:\wamp\www\extazcms\app\Controller\PagesController.php, line 435]
2015-07-29 16:53:53 Error: [InternalErrorException] Internal Server Error
Request URL: /extazcms/admin
Stack Trace:
#0 C:\wamp\www\extazcms\lib\Cake\Error\ErrorHandler.php(203): ErrorHandler::handleFatalError(4, 'syntax error, u...', 'C:\\wamp\\www\\ext...', 435)
#1 [internal function]: ErrorHandler::handleError(4, 'syntax error, u...', 'C:\\wamp\\www\\ext...', 435, Array)
#2 C:\wamp\www\extazcms\lib\Cake\Core\App.php(931): call_user_func('ErrorHandler::h...', 4, 'syntax error, u...', 'C:\\wamp\\www\\ext...', 435, Array)
#3 C:\wamp\www\extazcms\lib\Cake\Core\App.php(904): App::_checkFatalError()
#4 [internal function]: App::shutdown()
#5 {main}
2015-07-29 16:54:04 Error: Fatal Error (4): syntax error, unexpected 'else' (T_ELSE), expecting function (T_FUNCTION) in [C:\wamp\www\extazcms\app\Controller\PagesController.php, line 435]
2015-07-29 16:54:04 Error: [InternalErrorException] Internal Server Error
Request URL: /extazcms/admin
Stack Trace:
#0 C:\wamp\www\extazcms\lib\Cake\Error\ErrorHandler.php(203): ErrorHandler::handleFatalError(4, 'syntax error, u...', 'C:\\wamp\\www\\ext...', 435)
#1 [internal function]: ErrorHandler::handleError(4, 'syntax error, u...', 'C:\\wamp\\www\\ext...', 435, Array)
#2 C:\wamp\www\extazcms\lib\Cake\Core\App.php(931): call_user_func('ErrorHandler::h...', 4, 'syntax error, u...', 'C:\\wamp\\www\\ext...', 435, Array)
#3 C:\wamp\www\extazcms\lib\Cake\Core\App.php(904): App::_checkFatalError()
#4 [internal function]: App::shutdown()
#5 {main}
2015-07-29 16:54:12 Error: Fatal Error (4): syntax error, unexpected 'else' (T_ELSE), expecting function (T_FUNCTION) in [C:\wamp\www\extazcms\app\Controller\PagesController.php, line 435]
2015-07-29 16:54:12 Error: [InternalErrorException] Internal Server Error
Request URL: /extazcms/admin
Stack Trace:
#0 C:\wamp\www\extazcms\lib\Cake\Error\ErrorHandler.php(203): ErrorHandler::handleFatalError(4, 'syntax error, u...', 'C:\\wamp\\www\\ext...', 435)
#1 [internal function]: ErrorHandler::handleError(4, 'syntax error, u...', 'C:\\wamp\\www\\ext...', 435, Array)
#2 C:\wamp\www\extazcms\lib\Cake\Core\App.php(931): call_user_func('ErrorHandler::h...', 4, 'syntax error, u...', 'C:\\wamp\\www\\ext...', 435, Array)
#3 C:\wamp\www\extazcms\lib\Cake\Core\App.php(904): App::_checkFatalError()
#4 [internal function]: App::shutdown()
#5 {main}
2015-07-29 16:54:25 Error: Fatal Error (4): syntax error, unexpected 'else' (T_ELSE), expecting function (T_FUNCTION) in [C:\wamp\www\extazcms\app\Controller\PagesController.php, line 435]
2015-07-29 16:54:25 Error: [FatalErrorException] syntax error, unexpected 'else' (T_ELSE), expecting function (T_FUNCTION)
Request URL: /extazcms/admin
Stack Trace:
#0 C:\wamp\www\extazcms\lib\Cake\Error\ErrorHandler.php(203): ErrorHandler::handleFatalError(4, 'syntax error, u...', 'C:\\wamp\\www\\ext...', 435)
#1 [internal function]: ErrorHandler::handleError(4, 'syntax error, u...', 'C:\\wamp\\www\\ext...', 435, Array)
#2 C:\wamp\www\extazcms\lib\Cake\Core\App.php(931): call_user_func('ErrorHandler::h...', 4, 'syntax error, u...', 'C:\\wamp\\www\\ext...', 435, Array)
#3 C:\wamp\www\extazcms\lib\Cake\Core\App.php(904): App::_checkFatalError()
#4 [internal function]: App::shutdown()
#5 {main}
2015-07-29 16:55:12 Error: Fatal Error (4): syntax error, unexpected 'else' (T_ELSE), expecting function (T_FUNCTION) in [C:\wamp\www\extazcms\app\Controller\PagesController.php, line 435]
2015-07-29 16:55:12 Error: [InternalErrorException] Internal Server Error
Request URL: /extazcms/admin
Stack Trace:
#0 C:\wamp\www\extazcms\lib\Cake\Error\ErrorHandler.php(203): ErrorHandler::handleFatalError(4, 'syntax error, u...', 'C:\\wamp\\www\\ext...', 435)
#1 [internal function]: ErrorHandler::handleError(4, 'syntax error, u...', 'C:\\wamp\\www\\ext...', 435, Array)
#2 C:\wamp\www\extazcms\lib\Cake\Core\App.php(931): call_user_func('ErrorHandler::h...', 4, 'syntax error, u...', 'C:\\wamp\\www\\ext...', 435, Array)
#3 C:\wamp\www\extazcms\lib\Cake\Core\App.php(904): App::_checkFatalError()
#4 [internal function]: App::shutdown()
#5 {main}
2015-07-29 16:55:20 Error: Fatal Error (4): syntax error, unexpected 'else' (T_ELSE), expecting function (T_FUNCTION) in [C:\wamp\www\extazcms\app\Controller\PagesController.php, line 435]
2015-07-29 16:55:20 Error: [InternalErrorException] Internal Server Error
Request URL: /extazcms/admin
Stack Trace:
#0 C:\wamp\www\extazcms\lib\Cake\Error\ErrorHandler.php(203): ErrorHandler::handleFatalError(4, 'syntax error, u...', 'C:\\wamp\\www\\ext...', 435)
#1 [internal function]: ErrorHandler::handleError(4, 'syntax error, u...', 'C:\\wamp\\www\\ext...', 435, Array)
#2 C:\wamp\www\extazcms\lib\Cake\Core\App.php(931): call_user_func('ErrorHandler::h...', 4, 'syntax error, u...', 'C:\\wamp\\www\\ext...', 435, Array)
#3 C:\wamp\www\extazcms\lib\Cake\Core\App.php(904): App::_checkFatalError()
#4 [internal function]: App::shutdown()
#5 {main}
2015-07-29 16:55:27 Error: Fatal Error (4): syntax error, unexpected 'else' (T_ELSE), expecting function (T_FUNCTION) in [C:\wamp\www\extazcms\app\Controller\PagesController.php, line 435]
2015-07-29 16:55:27 Error: [InternalErrorException] Internal Server Error
Request URL: /extazcms/admin
Stack Trace:
#0 C:\wamp\www\extazcms\lib\Cake\Error\ErrorHandler.php(203): ErrorHandler::handleFatalError(4, 'syntax error, u...', 'C:\\wamp\\www\\ext...', 435)
#1 [internal function]: ErrorHandler::handleError(4, 'syntax error, u...', 'C:\\wamp\\www\\ext...', 435, Array)
#2 C:\wamp\www\extazcms\lib\Cake\Core\App.php(931): call_user_func('ErrorHandler::h...', 4, 'syntax error, u...', 'C:\\wamp\\www\\ext...', 435, Array)
#3 C:\wamp\www\extazcms\lib\Cake\Core\App.php(904): App::_checkFatalError()
#4 [internal function]: App::shutdown()
#5 {main}
2015-07-29 17:59:52 Error: [Twig_Error_Syntax] Unexpected token "name" of value "d" ("end of statement block" expected) in "Pages\team.twig" at line 38
Request URL: /extazcms/equipe
Stack Trace:
#0 C:\wamp\www\extazcms\app\Plugin\TwigView\Vendor\Twig\lib\Twig\TokenParser\If.php(40): Twig_TokenStream->expect(3)
#1 C:\wamp\www\extazcms\app\Plugin\TwigView\Vendor\Twig\lib\Twig\Parser.php(187): Twig_TokenParser_If->parse(Object(Twig_Token))
#2 C:\wamp\www\extazcms\app\Plugin\TwigView\Vendor\Twig\lib\Twig\TokenParser\For.php(47): Twig_Parser->subparse(Array)
#3 C:\wamp\www\extazcms\app\Plugin\TwigView\Vendor\Twig\lib\Twig\Parser.php(187): Twig_TokenParser_For->parse(Object(Twig_Token))
#4 C:\wamp\www\extazcms\app\Plugin\TwigView\Vendor\Twig\lib\Twig\TokenParser\If.php(41): Twig_Parser->subparse(Array)
#5 C:\wamp\www\extazcms\app\Plugin\TwigView\Vendor\Twig\lib\Twig\Parser.php(187): Twig_TokenParser_If->parse(Object(Twig_Token))
#6 C:\wamp\www\extazcms\app\Plugin\TwigView\Vendor\Twig\lib\Twig\Parser.php(95): Twig_Parser->subparse(NULL, false)
#7 C:\wamp\www\extazcms\app\Plugin\TwigView\Vendor\Twig\lib\Twig\Environment.php(542): Twig_Parser->parse(Object(Twig_TokenStream))
#8 C:\wamp\www\extazcms\app\Plugin\TwigView\Vendor\Twig\lib\Twig\Environment.php(594): Twig_Environment->parse(Object(Twig_TokenStream))
#9 C:\wamp\www\extazcms\app\Plugin\TwigView\Vendor\Twig\lib\Twig\Environment.php(335): Twig_Environment->compileSource('{% do _this.ass...', 'Pages\\team.twig')
#10 C:\wamp\www\extazcms\app\Plugin\TwigView\View\TwigView.php(139): Twig_Environment->loadTemplate('Pages\\team.twig')
#11 C:\wamp\www\extazcms\lib\Cake\View\View.php(471): TwigView->_render('C:\\wamp\\www\\ext...')
#12 C:\wamp\www\extazcms\lib\Cake\Controller\Controller.php(954): View->render(NULL, NULL)
#13 C:\wamp\www\extazcms\lib\Cake\Routing\Dispatcher.php(198): Controller->render()
#14 C:\wamp\www\extazcms\lib\Cake\Routing\Dispatcher.php(165): Dispatcher->_invoke(Object(PagesController), Object(CakeRequest))
#15 C:\wamp\www\extazcms\app\webroot\index.php(108): Dispatcher->dispatch(Object(CakeRequest), Object(CakeResponse))
#16 {main}
2015-07-29 18:00:25 Error: [Twig_Error_Syntax] Unexpected token "name" of value "d" ("end of statement block" expected) in "Pages\team.twig" at line 38
Request URL: /extazcms/equipe
Stack Trace:
#0 C:\wamp\www\extazcms\app\Plugin\TwigView\Vendor\Twig\lib\Twig\TokenParser\If.php(40): Twig_TokenStream->expect(3)
#1 C:\wamp\www\extazcms\app\Plugin\TwigView\Vendor\Twig\lib\Twig\Parser.php(187): Twig_TokenParser_If->parse(Object(Twig_Token))
#2 C:\wamp\www\extazcms\app\Plugin\TwigView\Vendor\Twig\lib\Twig\TokenParser\For.php(47): Twig_Parser->subparse(Array)
#3 C:\wamp\www\extazcms\app\Plugin\TwigView\Vendor\Twig\lib\Twig\Parser.php(187): Twig_TokenParser_For->parse(Object(Twig_Token))
#4 C:\wamp\www\extazcms\app\Plugin\TwigView\Vendor\Twig\lib\Twig\TokenParser\If.php(41): Twig_Parser->subparse(Array)
#5 C:\wamp\www\extazcms\app\Plugin\TwigView\Vendor\Twig\lib\Twig\Parser.php(187): Twig_TokenParser_If->parse(Object(Twig_Token))
#6 C:\wamp\www\extazcms\app\Plugin\TwigView\Vendor\Twig\lib\Twig\Parser.php(95): Twig_Parser->subparse(NULL, false)
#7 C:\wamp\www\extazcms\app\Plugin\TwigView\Vendor\Twig\lib\Twig\Environment.php(542): Twig_Parser->parse(Object(Twig_TokenStream))
#8 C:\wamp\www\extazcms\app\Plugin\TwigView\Vendor\Twig\lib\Twig\Environment.php(594): Twig_Environment->parse(Object(Twig_TokenStream))
#9 C:\wamp\www\extazcms\app\Plugin\TwigView\Vendor\Twig\lib\Twig\Environment.php(335): Twig_Environment->compileSource('{% do _this.ass...', 'Pages\\team.twig')
#10 C:\wamp\www\extazcms\app\Plugin\TwigView\View\TwigView.php(139): Twig_Environment->loadTemplate('Pages\\team.twig')
#11 C:\wamp\www\extazcms\lib\Cake\View\View.php(471): TwigView->_render('C:\\wamp\\www\\ext...')
#12 C:\wamp\www\extazcms\lib\Cake\Controller\Controller.php(954): View->render(NULL, NULL)
#13 C:\wamp\www\extazcms\lib\Cake\Routing\Dispatcher.php(198): Controller->render()
#14 C:\wamp\www\extazcms\lib\Cake\Routing\Dispatcher.php(165): Dispatcher->_invoke(Object(PagesController), Object(CakeRequest))
#15 C:\wamp\www\extazcms\app\webroot\index.php(108): Dispatcher->dispatch(Object(CakeRequest), Object(CakeResponse))
#16 {main}
2015-07-29 18:01:03 Error: [Twig_Error_Syntax] Unexpected token "name" of value "d" ("end of statement block" expected) in "Pages\team.twig" at line 38
Request URL: /extazcms/equipe
Stack Trace:
#0 C:\wamp\www\extazcms\app\Plugin\TwigView\Vendor\Twig\lib\Twig\TokenParser\If.php(40): Twig_TokenStream->expect(3)
#1 C:\wamp\www\extazcms\app\Plugin\TwigView\Vendor\Twig\lib\Twig\Parser.php(187): Twig_TokenParser_If->parse(Object(Twig_Token))
#2 C:\wamp\www\extazcms\app\Plugin\TwigView\Vendor\Twig\lib\Twig\TokenParser\For.php(47): Twig_Parser->subparse(Array)
#3 C:\wamp\www\extazcms\app\Plugin\TwigView\Vendor\Twig\lib\Twig\Parser.php(187): Twig_TokenParser_For->parse(Object(Twig_Token))
#4 C:\wamp\www\extazcms\app\Plugin\TwigView\Vendor\Twig\lib\Twig\TokenParser\If.php(41): Twig_Parser->subparse(Array)
#5 C:\wamp\www\extazcms\app\Plugin\TwigView\Vendor\Twig\lib\Twig\Parser.php(187): Twig_TokenParser_If->parse(Object(Twig_Token))
#6 C:\wamp\www\extazcms\app\Plugin\TwigView\Vendor\Twig\lib\Twig\Parser.php(95): Twig_Parser->subparse(NULL, false)
#7 C:\wamp\www\extazcms\app\Plugin\TwigView\Vendor\Twig\lib\Twig\Environment.php(542): Twig_Parser->parse(Object(Twig_TokenStream))
#8 C:\wamp\www\extazcms\app\Plugin\TwigView\Vendor\Twig\lib\Twig\Environment.php(594): Twig_Environment->parse(Object(Twig_TokenStream))
#9 C:\wamp\www\extazcms\app\Plugin\TwigView\Vendor\Twig\lib\Twig\Environment.php(335): Twig_Environment->compileSource('{% do _this.ass...', 'Pages\\team.twig')
#10 C:\wamp\www\extazcms\app\Plugin\TwigView\View\TwigView.php(139): Twig_Environment->loadTemplate('Pages\\team.twig')
#11 C:\wamp\www\extazcms\lib\Cake\View\View.php(471): TwigView->_render('C:\\wamp\\www\\ext...')
#12 C:\wamp\www\extazcms\lib\Cake\Controller\Controller.php(954): View->render(NULL, NULL)
#13 C:\wamp\www\extazcms\lib\Cake\Routing\Dispatcher.php(198): Controller->render()
#14 C:\wamp\www\extazcms\lib\Cake\Routing\Dispatcher.php(165): Dispatcher->_invoke(Object(PagesController), Object(CakeRequest))
#15 C:\wamp\www\extazcms\app\webroot\index.php(108): Dispatcher->dispatch(Object(CakeRequest), Object(CakeResponse))
#16 {main}
2015-07-29 18:01:41 Error: [Twig_Error_Syntax] Unexpected token "name" of value "d" ("end of statement block" expected) in "Pages\team.twig" at line 38
Request URL: /extazcms/equipe
Stack Trace:
#0 C:\wamp\www\extazcms\app\Plugin\TwigView\Vendor\Twig\lib\Twig\TokenParser\If.php(40): Twig_TokenStream->expect(3)
#1 C:\wamp\www\extazcms\app\Plugin\TwigView\Vendor\Twig\lib\Twig\Parser.php(187): Twig_TokenParser_If->parse(Object(Twig_Token))
#2 C:\wamp\www\extazcms\app\Plugin\TwigView\Vendor\Twig\lib\Twig\TokenParser\For.php(47): Twig_Parser->subparse(Array)
#3 C:\wamp\www\extazcms\app\Plugin\TwigView\Vendor\Twig\lib\Twig\Parser.php(187): Twig_TokenParser_For->parse(Object(Twig_Token))
#4 C:\wamp\www\extazcms\app\Plugin\TwigView\Vendor\Twig\lib\Twig\TokenParser\If.php(41): Twig_Parser->subparse(Array)
#5 C:\wamp\www\extazcms\app\Plugin\TwigView\Vendor\Twig\lib\Twig\Parser.php(187): Twig_TokenParser_If->parse(Object(Twig_Token))
#6 C:\wamp\www\extazcms\app\Plugin\TwigView\Vendor\Twig\lib\Twig\Parser.php(95): Twig_Parser->subparse(NULL, false)
#7 C:\wamp\www\extazcms\app\Plugin\TwigView\Vendor\Twig\lib\Twig\Environment.php(542): Twig_Parser->parse(Object(Twig_TokenStream))
#8 C:\wamp\www\extazcms\app\Plugin\TwigView\Vendor\Twig\lib\Twig\Environment.php(594): Twig_Environment->parse(Object(Twig_TokenStream))
#9 C:\wamp\www\extazcms\app\Plugin\TwigView\Vendor\Twig\lib\Twig\Environment.php(335): Twig_Environment->compileSource('{% do _this.ass...', 'Pages\\team.twig')
#10 C:\wamp\www\extazcms\app\Plugin\TwigView\View\TwigView.php(139): Twig_Environment->loadTemplate('Pages\\team.twig')
#11 C:\wamp\www\extazcms\lib\Cake\View\View.php(471): TwigView->_render('C:\\wamp\\www\\ext...')
#12 C:\wamp\www\extazcms\lib\Cake\Controller\Controller.php(954): View->render(NULL, NULL)
#13 C:\wamp\www\extazcms\lib\Cake\Routing\Dispatcher.php(198): Controller->render()
#14 C:\wamp\www\extazcms\lib\Cake\Routing\Dispatcher.php(165): Dispatcher->_invoke(Object(PagesController), Object(CakeRequest))
#15 C:\wamp\www\extazcms\app\webroot\index.php(108): Dispatcher->dispatch(Object(CakeRequest), Object(CakeResponse))
#16 {main}
2015-07-29 18:02:06 Error: [Twig_Error_Syntax] Unexpected token "name" of value "d" ("end of statement block" expected) in "Pages\team.twig" at line 51
Request URL: /extazcms/equipe
Stack Trace:
#0 C:\wamp\www\extazcms\app\Plugin\TwigView\Vendor\Twig\lib\Twig\TokenParser\If.php(40): Twig_TokenStream->expect(3)
#1 C:\wamp\www\extazcms\app\Plugin\TwigView\Vendor\Twig\lib\Twig\Parser.php(187): Twig_TokenParser_If->parse(Object(Twig_Token))
#2 C:\wamp\www\extazcms\app\Plugin\TwigView\Vendor\Twig\lib\Twig\TokenParser\For.php(47): Twig_Parser->subparse(Array)
#3 C:\wamp\www\extazcms\app\Plugin\TwigView\Vendor\Twig\lib\Twig\Parser.php(187): Twig_TokenParser_For->parse(Object(Twig_Token))
#4 C:\wamp\www\extazcms\app\Plugin\TwigView\Vendor\Twig\lib\Twig\TokenParser\If.php(41): Twig_Parser->subparse(Array)
#5 C:\wamp\www\extazcms\app\Plugin\TwigView\Vendor\Twig\lib\Twig\Parser.php(187): Twig_TokenParser_If->parse(Object(Twig_Token))
#6 C:\wamp\www\extazcms\app\Plugin\TwigView\Vendor\Twig\lib\Twig\Parser.php(95): Twig_Parser->subparse(NULL, false)
#7 C:\wamp\www\extazcms\app\Plugin\TwigView\Vendor\Twig\lib\Twig\Environment.php(542): Twig_Parser->parse(Object(Twig_TokenStream))
#8 C:\wamp\www\extazcms\app\Plugin\TwigView\Vendor\Twig\lib\Twig\Environment.php(594): Twig_Environment->parse(Object(Twig_TokenStream))
#9 C:\wamp\www\extazcms\app\Plugin\TwigView\Vendor\Twig\lib\Twig\Environment.php(335): Twig_Environment->compileSource('{% do _this.ass...', 'Pages\\team.twig')
#10 C:\wamp\www\extazcms\app\Plugin\TwigView\View\TwigView.php(139): Twig_Environment->loadTemplate('Pages\\team.twig')
#11 C:\wamp\www\extazcms\lib\Cake\View\View.php(471): TwigView->_render('C:\\wamp\\www\\ext...')
#12 C:\wamp\www\extazcms\lib\Cake\Controller\Controller.php(954): View->render(NULL, NULL)
#13 C:\wamp\www\extazcms\lib\Cake\Routing\Dispatcher.php(198): Controller->render()
#14 C:\wamp\www\extazcms\lib\Cake\Routing\Dispatcher.php(165): Dispatcher->_invoke(Object(PagesController), Object(CakeRequest))
#15 C:\wamp\www\extazcms\app\webroot\index.php(108): Dispatcher->dispatch(Object(CakeRequest), Object(CakeResponse))
#16 {main}
2015-07-29 18:02:22 Error: [Twig_Error_Syntax] Unexpected token "name" of value "d" ("end of statement block" expected) in "Pages\team.twig" at line 64
Request URL: /extazcms/equipe
Stack Trace:
#0 C:\wamp\www\extazcms\app\Plugin\TwigView\Vendor\Twig\lib\Twig\TokenParser\If.php(40): Twig_TokenStream->expect(3)
#1 C:\wamp\www\extazcms\app\Plugin\TwigView\Vendor\Twig\lib\Twig\Parser.php(187): Twig_TokenParser_If->parse(Object(Twig_Token))
#2 C:\wamp\www\extazcms\app\Plugin\TwigView\Vendor\Twig\lib\Twig\TokenParser\For.php(47): Twig_Parser->subparse(Array)
#3 C:\wamp\www\extazcms\app\Plugin\TwigView\Vendor\Twig\lib\Twig\Parser.php(187): Twig_TokenParser_For->parse(Object(Twig_Token))
#4 C:\wamp\www\extazcms\app\Plugin\TwigView\Vendor\Twig\lib\Twig\TokenParser\If.php(41): Twig_Parser->subparse(Array)
#5 C:\wamp\www\extazcms\app\Plugin\TwigView\Vendor\Twig\lib\Twig\Parser.php(187): Twig_TokenParser_If->parse(Object(Twig_Token))
#6 C:\wamp\www\extazcms\app\Plugin\TwigView\Vendor\Twig\lib\Twig\Parser.php(95): Twig_Parser->subparse(NULL, false)
#7 C:\wamp\www\extazcms\app\Plugin\TwigView\Vendor\Twig\lib\Twig\Environment.php(542): Twig_Parser->parse(Object(Twig_TokenStream))
#8 C:\wamp\www\extazcms\app\Plugin\TwigView\Vendor\Twig\lib\Twig\Environment.php(594): Twig_Environment->parse(Object(Twig_TokenStream))
#9 C:\wamp\www\extazcms\app\Plugin\TwigView\Vendor\Twig\lib\Twig\Environment.php(335): Twig_Environment->compileSource('{% do _this.ass...', 'Pages\\team.twig')
#10 C:\wamp\www\extazcms\app\Plugin\TwigView\View\TwigView.php(139): Twig_Environment->loadTemplate('Pages\\team.twig')
#11 C:\wamp\www\extazcms\lib\Cake\View\View.php(471): TwigView->_render('C:\\wamp\\www\\ext...')
#12 C:\wamp\www\extazcms\lib\Cake\Controller\Controller.php(954): View->render(NULL, NULL)
#13 C:\wamp\www\extazcms\lib\Cake\Routing\Dispatcher.php(198): Controller->render()
#14 C:\wamp\www\extazcms\lib\Cake\Routing\Dispatcher.php(165): Dispatcher->_invoke(Object(PagesController), Object(CakeRequest))
#15 C:\wamp\www\extazcms\app\webroot\index.php(108): Dispatcher->dispatch(Object(CakeRequest), Object(CakeResponse))
#16 {main}
2015-07-31 16:48:31 Error: Fatal Error (4): syntax error, unexpected '$views' (T_VARIABLE) in [C:\wamp\www\extazcms\app\Controller\PostsController.php, line 60]
2015-07-31 16:48:31 Error: [FatalErrorException] syntax error, unexpected '$views' (T_VARIABLE)
Request URL: /extazcms/slug-slug-slug-1
Stack Trace:
#0 C:\wamp\www\extazcms\lib\Cake\Error\ErrorHandler.php(203): ErrorHandler::handleFatalError(4, 'syntax error, u...', 'C:\\wamp\\www\\ext...', 60)
#1 [internal function]: ErrorHandler::handleError(4, 'syntax error, u...', 'C:\\wamp\\www\\ext...', 60, Array)
#2 C:\wamp\www\extazcms\lib\Cake\Core\App.php(931): call_user_func('ErrorHandler::h...', 4, 'syntax error, u...', 'C:\\wamp\\www\\ext...', 60, Array)
#3 C:\wamp\www\extazcms\lib\Cake\Core\App.php(904): App::_checkFatalError()
#4 [internal function]: App::shutdown()
#5 {main}
2015-07-31 16:48:53 Error: [MissingTableException] Table extaz_post_views for model postView was not found in datasource default.
Exception Attributes: array (
  'table' => 'extaz_post_views',
  'class' => 'postView',
  'ds' => 'default',
)
Request URL: /extazcms/slug-slug-slug-1
Stack Trace:
#0 C:\wamp\www\extazcms\lib\Cake\Model\Model.php(3566): Model->setSource('post_views')
#1 C:\wamp\www\extazcms\lib\Cake\Model\Model.php(2947): Model->getDataSource()
#2 C:\wamp\www\extazcms\lib\Cake\Model\Model.php(2919): Model->_readDataSource('first', Array)
#3 C:\wamp\www\extazcms\app\Controller\PostsController.php(60): Model->find('first', Array)
#4 [internal function]: PostsController->read('slug-slug-slug', '1')
#5 C:\wamp\www\extazcms\lib\Cake\Controller\Controller.php(490): ReflectionMethod->invokeArgs(Object(PostsController), Array)
#6 C:\wamp\www\extazcms\lib\Cake\Routing\Dispatcher.php(191): Controller->invokeAction(Object(CakeRequest))
#7 C:\wamp\www\extazcms\lib\Cake\Routing\Dispatcher.php(165): Dispatcher->_invoke(Object(PostsController), Object(CakeRequest))
#8 C:\wamp\www\extazcms\app\webroot\index.php(108): Dispatcher->dispatch(Object(CakeRequest), Object(CakeResponse))
#9 {main}
2015-07-31 16:49:36 Error: [MissingTableException] Table extaz_extaz_posts_views for model postView was not found in datasource default.
Exception Attributes: array (
  'table' => 'extaz_extaz_posts_views',
  'class' => 'postView',
  'ds' => 'default',
)
Request URL: /extazcms/slug-slug-slug-1
Stack Trace:
#0 C:\wamp\www\extazcms\lib\Cake\Model\Model.php(3566): Model->setSource('extaz_posts_vie...')
#1 C:\wamp\www\extazcms\lib\Cake\Model\Model.php(2947): Model->getDataSource()
#2 C:\wamp\www\extazcms\lib\Cake\Model\Model.php(2919): Model->_readDataSource('first', Array)
#3 C:\wamp\www\extazcms\app\Controller\PostsController.php(60): Model->find('first', Array)
#4 [internal function]: PostsController->read('slug-slug-slug', '1')
#5 C:\wamp\www\extazcms\lib\Cake\Controller\Controller.php(490): ReflectionMethod->invokeArgs(Object(PostsController), Array)
#6 C:\wamp\www\extazcms\lib\Cake\Routing\Dispatcher.php(191): Controller->invokeAction(Object(CakeRequest))
#7 C:\wamp\www\extazcms\lib\Cake\Routing\Dispatcher.php(165): Dispatcher->_invoke(Object(PostsController), Object(CakeRequest))
#8 C:\wamp\www\extazcms\app\webroot\index.php(108): Dispatcher->dispatch(Object(CakeRequest), Object(CakeResponse))
#9 {main}
2015-07-31 17:04:59 Error: Fatal Error (4): syntax error, unexpected '<' in [C:\wamp\www\extazcms\app\View\Posts\read.ctp, line 71]
2015-07-31 17:04:59 Error: [FatalErrorException] syntax error, unexpected '<'
Request URL: /extazcms/slug-slug-slug-1
Stack Trace:
#0 C:\wamp\www\extazcms\lib\Cake\Error\ErrorHandler.php(203): ErrorHandler::handleFatalError(4, 'syntax error, u...', 'C:\\wamp\\www\\ext...', 71)
#1 [internal function]: ErrorHandler::handleError(4, 'syntax error, u...', 'C:\\wamp\\www\\ext...', 71, Array)
#2 C:\wamp\www\extazcms\lib\Cake\Core\App.php(931): call_user_func('ErrorHandler::h...', 4, 'syntax error, u...', 'C:\\wamp\\www\\ext...', 71, Array)
#3 C:\wamp\www\extazcms\lib\Cake\Core\App.php(904): App::_checkFatalError()
#4 [internal function]: App::shutdown()
#5 {main}
2015-07-31 17:39:40 Error: [MissingActionException] Action WidgetsController::admin_add() could not be found.
Exception Attributes: array (
  'controller' => 'WidgetsController',
  'action' => 'admin_add',
)
Request URL: /extazcms/admin/widgets/add
Stack Trace:
#0 C:\wamp\www\extazcms\lib\Cake\Routing\Dispatcher.php(191): Controller->invokeAction(Object(CakeRequest))
#1 C:\wamp\www\extazcms\lib\Cake\Routing\Dispatcher.php(165): Dispatcher->_invoke(Object(WidgetsController), Object(CakeRequest))
#2 C:\wamp\www\extazcms\app\webroot\index.php(108): Dispatcher->dispatch(Object(CakeRequest), Object(CakeResponse))
#3 {main}
2015-07-31 17:58:28 Error: [PDOException] SQLSTATE[42S22]: Column not found: 1054 Unknown column 'User.widget_id' in 'field list'
Request URL: /extazcms/admin/widgets/list
Stack Trace:
#0 C:\wamp\www\extazcms\lib\Cake\Model\Datasource\DboSource.php(458): PDOStatement->execute(Array)
#1 C:\wamp\www\extazcms\lib\Cake\Model\Datasource\DboSource.php(424): DboSource->_execute('SELECT `User`.`...', Array)
#2 C:\wamp\www\extazcms\lib\Cake\Model\Datasource\DboSource.php(666): DboSource->execute('SELECT `User`.`...', Array, Array)
#3 C:\wamp\www\extazcms\lib\Cake\Model\Datasource\DboSource.php(1417): DboSource->fetchAll('SELECT `User`.`...', false)
#4 C:\wamp\www\extazcms\lib\Cake\Model\Datasource\DboSource.php(1254): DboSource->_fetchHasMany(Object(Widget), 'SELECT `User`.`...', Array)
#5 C:\wamp\www\extazcms\lib\Cake\Model\Datasource\DboSource.php(1137): DboSource->queryAssociation(Object(Widget), Object(User), 'hasMany', 'User', Array, Array, true, Array, 0, Array)
#6 C:\wamp\www\extazcms\lib\Cake\Model\Model.php(2947): DboSource->read(Object(Widget), Array)
#7 C:\wamp\www\extazcms\lib\Cake\Model\Model.php(2919): Model->_readDataSource('all', Array)
#8 C:\wamp\www\extazcms\app\Controller\WidgetsController.php(30): Model->find('all')
#9 [internal function]: WidgetsController->admin_list()
#10 C:\wamp\www\extazcms\lib\Cake\Controller\Controller.php(490): ReflectionMethod->invokeArgs(Object(WidgetsController), Array)
#11 C:\wamp\www\extazcms\lib\Cake\Routing\Dispatcher.php(191): Controller->invokeAction(Object(CakeRequest))
#12 C:\wamp\www\extazcms\lib\Cake\Routing\Dispatcher.php(165): Dispatcher->_invoke(Object(WidgetsController), Object(CakeRequest))
#13 C:\wamp\www\extazcms\app\webroot\index.php(108): Dispatcher->dispatch(Object(CakeRequest), Object(CakeResponse))
#14 {main}
2015-07-31 18:06:04 Error: [MissingViewException] View file "C:\wamp\www\extazcms\app\View\Widgets\admin_edit.twig" is missing.
Exception Attributes: array (
  'file' => 'C:\\wamp\\www\\extazcms\\app\\View\\Widgets\\admin_edit.twig',
)
Request URL: /extazcms/admin/widgets/edit/6
Stack Trace:
#0 C:\wamp\www\extazcms\lib\Cake\View\View.php(468): View->_getViewFileName(NULL)
#1 C:\wamp\www\extazcms\lib\Cake\Controller\Controller.php(954): View->render(NULL, NULL)
#2 C:\wamp\www\extazcms\lib\Cake\Routing\Dispatcher.php(198): Controller->render()
#3 C:\wamp\www\extazcms\lib\Cake\Routing\Dispatcher.php(165): Dispatcher->_invoke(Object(WidgetsController), Object(CakeRequest))
#4 C:\wamp\www\extazcms\app\webroot\index.php(108): Dispatcher->dispatch(Object(CakeRequest), Object(CakeResponse))
#5 {main}
2015-08-01 19:06:22 Error: [NotFoundException] Not Found
Request URL: /extazcms/admin
Stack Trace:
#0 [internal function]: PagesController->admin_stats()
#1 C:\wamp\www\extazcms\lib\Cake\Controller\Controller.php(490): ReflectionMethod->invokeArgs(Object(PagesController), Array)
#2 C:\wamp\www\extazcms\lib\Cake\Routing\Dispatcher.php(191): Controller->invokeAction(Object(CakeRequest))
#3 C:\wamp\www\extazcms\lib\Cake\Routing\Dispatcher.php(165): Dispatcher->_invoke(Object(PagesController), Object(CakeRequest))
#4 C:\wamp\www\extazcms\app\webroot\index.php(108): Dispatcher->dispatch(Object(CakeRequest), Object(CakeResponse))
#5 {main}
2015-08-01 19:07:15 Error: [NotFoundException] Not Found
Request URL: /extazcms/admin/pages/send_command
Stack Trace:
#0 [internal function]: PagesController->admin_send_command()
#1 C:\wamp\www\extazcms\lib\Cake\Controller\Controller.php(490): ReflectionMethod->invokeArgs(Object(PagesController), Array)
#2 C:\wamp\www\extazcms\lib\Cake\Routing\Dispatcher.php(191): Controller->invokeAction(Object(CakeRequest))
#3 C:\wamp\www\extazcms\lib\Cake\Routing\Dispatcher.php(165): Dispatcher->_invoke(Object(PagesController), Object(CakeRequest))
#4 C:\wamp\www\extazcms\app\webroot\index.php(108): Dispatcher->dispatch(Object(CakeRequest), Object(CakeResponse))
#5 {main}
2015-08-01 19:16:21 Error: [NotFoundException] Not Found
Request URL: /extazcms/admin/configuration
Stack Trace:
#0 [internal function]: InformationsController->admin_index()
#1 C:\wamp\www\extazcms\lib\Cake\Controller\Controller.php(490): ReflectionMethod->invokeArgs(Object(InformationsController), Array)
#2 C:\wamp\www\extazcms\lib\Cake\Routing\Dispatcher.php(191): Controller->invokeAction(Object(CakeRequest))
#3 C:\wamp\www\extazcms\lib\Cake\Routing\Dispatcher.php(165): Dispatcher->_invoke(Object(InformationsController), Object(CakeRequest))
#4 C:\wamp\www\extazcms\app\webroot\index.php(108): Dispatcher->dispatch(Object(CakeRequest), Object(CakeResponse))
#5 {main}
2015-08-01 19:19:59 Error: [MissingControllerException] Controller class ManageTicketsController could not be found.
Exception Attributes: array (
  'class' => 'ManageTicketsController',
  'plugin' => NULL,
)
Request URL: /extazcms/admin/manage_tickets
Stack Trace:
#0 C:\wamp\www\extazcms\app\webroot\index.php(108): Dispatcher->dispatch(Object(CakeRequest), Object(CakeResponse))
#1 {main}
2015-08-05 13:14:44 Error: [NotFoundException] Not Found
Request URL: /extazcms/admin/configuration?tab=options
Stack Trace:
#0 [internal function]: InformationsController->admin_index()
#1 C:\wamp\www\extazcms\lib\Cake\Controller\Controller.php(490): ReflectionMethod->invokeArgs(Object(InformationsController), Array)
#2 C:\wamp\www\extazcms\lib\Cake\Routing\Dispatcher.php(191): Controller->invokeAction(Object(CakeRequest))
#3 C:\wamp\www\extazcms\lib\Cake\Routing\Dispatcher.php(165): Dispatcher->_invoke(Object(InformationsController), Object(CakeRequest))
#4 C:\wamp\www\extazcms\app\webroot\index.php(108): Dispatcher->dispatch(Object(CakeRequest), Object(CakeResponse))
#5 {main}
2015-08-08 20:52:42 Error: [NotFoundException] Not Found
Request URL: /extazcms/admin/players
Stack Trace:
#0 [internal function]: PlayersController->admin_index()
#1 C:\wamp\www\extazcms\lib\Cake\Controller\Controller.php(490): ReflectionMethod->invokeArgs(Object(PlayersController), Array)
#2 C:\wamp\www\extazcms\lib\Cake\Routing\Dispatcher.php(191): Controller->invokeAction(Object(CakeRequest))
#3 C:\wamp\www\extazcms\lib\Cake\Routing\Dispatcher.php(165): Dispatcher->_invoke(Object(PlayersController), Object(CakeRequest))
#4 C:\wamp\www\extazcms\app\webroot\index.php(108): Dispatcher->dispatch(Object(CakeRequest), Object(CakeResponse))
#5 {main}
2015-08-13 00:25:43 Error: [MissingControllerException] Controller class PlayerInventoryController could not be found.
Exception Attributes: array (
  'class' => 'PlayerInventoryController',
  'plugin' => NULL,
)
Request URL: /extazcms/player_inventory
Stack Trace:
#0 C:\wamp\www\extazcms\app\webroot\index.php(108): Dispatcher->dispatch(Object(CakeRequest), Object(CakeResponse))
#1 {main}
2015-11-09 07:44:14 Error: [MissingConnectionException] Database connection "Mysql" is missing, or could not be created.
Exception Attributes: array (
  'class' => 'Mysql',
  'message' => 'SQLSTATE[HY000] [1049] Unknown database \'cms\'',
  'enabled' => true,
)
Request URL: /extaz/
Stack Trace:
#0 E:\dev\wamp\www\extaz\lib\Cake\Model\Datasource\DboSource.php(260): Mysql->connect()
#1 E:\dev\wamp\www\extaz\lib\Cake\Model\ConnectionManager.php(105): DboSource->__construct(Array)
#2 E:\dev\wamp\www\extaz\lib\Cake\Model\Model.php(3539): ConnectionManager::getDataSource('default')
#3 E:\dev\wamp\www\extaz\lib\Cake\Model\Model.php(1136): Model->setDataSource('default')
#4 E:\dev\wamp\www\extaz\lib\Cake\Model\Model.php(3566): Model->setSource('informations')
#5 E:\dev\wamp\www\extaz\lib\Cake\Model\Model.php(2947): Model->getDataSource()
#6 E:\dev\wamp\www\extaz\lib\Cake\Model\Model.php(2919): Model->_readDataSource('first', Array)
#7 E:\dev\wamp\www\extaz\app\Controller\AppController.php(59): Model->find('first')
#8 [internal function]: AppController->beforeFilter(Object(CakeEvent))
#9 E:\dev\wamp\www\extaz\lib\Cake\Event\CakeEventManager.php(242): call_user_func(Array, Object(CakeEvent))
#10 E:\dev\wamp\www\extaz\lib\Cake\Controller\Controller.php(674): CakeEventManager->dispatch(Object(CakeEvent))
#11 E:\dev\wamp\www\extaz\lib\Cake\Routing\Dispatcher.php(187): Controller->startupProcess()
#12 E:\dev\wamp\www\extaz\lib\Cake\Routing\Dispatcher.php(165): Dispatcher->_invoke(Object(PostsController), Object(CakeRequest))
#13 E:\dev\wamp\www\extaz\app\webroot\index.php(108): Dispatcher->dispatch(Object(CakeRequest), Object(CakeResponse))
#14 E:\dev\wamp\www\extaz\index.php(41): require('E:\\dev\\wamp\\www...')
#15 {main}
2015-11-09 07:45:13 Error: [MissingTableException] Table extaz_informations for model Informations was not found in datasource default.
Exception Attributes: array (
  'table' => 'extaz_informations',
  'class' => 'Informations',
  'ds' => 'default',
)
Request URL: /extaz/
Stack Trace:
#0 E:\dev\wamp\www\extaz\lib\Cake\Model\Model.php(3566): Model->setSource('informations')
#1 E:\dev\wamp\www\extaz\lib\Cake\Model\Model.php(2947): Model->getDataSource()
#2 E:\dev\wamp\www\extaz\lib\Cake\Model\Model.php(2919): Model->_readDataSource('first', Array)
#3 E:\dev\wamp\www\extaz\app\Controller\AppController.php(59): Model->find('first')
#4 [internal function]: AppController->beforeFilter(Object(CakeEvent))
#5 E:\dev\wamp\www\extaz\lib\Cake\Event\CakeEventManager.php(242): call_user_func(Array, Object(CakeEvent))
#6 E:\dev\wamp\www\extaz\lib\Cake\Controller\Controller.php(674): CakeEventManager->dispatch(Object(CakeEvent))
#7 E:\dev\wamp\www\extaz\lib\Cake\Routing\Dispatcher.php(187): Controller->startupProcess()
#8 E:\dev\wamp\www\extaz\lib\Cake\Routing\Dispatcher.php(165): Dispatcher->_invoke(Object(PostsController), Object(CakeRequest))
#9 E:\dev\wamp\www\extaz\app\webroot\index.php(108): Dispatcher->dispatch(Object(CakeRequest), Object(CakeResponse))
#10 E:\dev\wamp\www\extaz\index.php(41): require('E:\\dev\\wamp\\www...')
#11 {main}
2015-11-09 07:45:39 Error: [MissingTableException] Table extaz_informations for model Informations was not found in datasource default.
Exception Attributes: array (
  'table' => 'extaz_informations',
  'class' => 'Informations',
  'ds' => 'default',
)
Request URL: /extaz/
Stack Trace:
#0 E:\dev\wamp\www\extaz\lib\Cake\Model\Model.php(3566): Model->setSource('informations')
#1 E:\dev\wamp\www\extaz\lib\Cake\Model\Model.php(2947): Model->getDataSource()
#2 E:\dev\wamp\www\extaz\lib\Cake\Model\Model.php(2919): Model->_readDataSource('first', Array)
#3 E:\dev\wamp\www\extaz\app\Controller\AppController.php(59): Model->find('first')
#4 [internal function]: AppController->beforeFilter(Object(CakeEvent))
#5 E:\dev\wamp\www\extaz\lib\Cake\Event\CakeEventManager.php(242): call_user_func(Array, Object(CakeEvent))
#6 E:\dev\wamp\www\extaz\lib\Cake\Controller\Controller.php(674): CakeEventManager->dispatch(Object(CakeEvent))
#7 E:\dev\wamp\www\extaz\lib\Cake\Routing\Dispatcher.php(187): Controller->startupProcess()
#8 E:\dev\wamp\www\extaz\lib\Cake\Routing\Dispatcher.php(165): Dispatcher->_invoke(Object(PostsController), Object(CakeRequest))
#9 E:\dev\wamp\www\extaz\app\webroot\index.php(108): Dispatcher->dispatch(Object(CakeRequest), Object(CakeResponse))
#10 E:\dev\wamp\www\extaz\index.php(41): require('E:\\dev\\wamp\\www...')
#11 {main}
2015-11-09 07:46:33 Error: [MissingTableException] Table extaz_informations for model Informations was not found in datasource default.
Exception Attributes: array (
  'table' => 'extaz_informations',
  'class' => 'Informations',
  'ds' => 'default',
)
Request URL: /extaz/
Stack Trace:
#0 E:\dev\wamp\www\extaz\lib\Cake\Model\Model.php(3566): Model->setSource('informations')
#1 E:\dev\wamp\www\extaz\lib\Cake\Model\Model.php(2947): Model->getDataSource()
#2 E:\dev\wamp\www\extaz\lib\Cake\Model\Model.php(2919): Model->_readDataSource('first', Array)
#3 E:\dev\wamp\www\extaz\app\Controller\AppController.php(59): Model->find('first')
#4 [internal function]: AppController->beforeFilter(Object(CakeEvent))
#5 E:\dev\wamp\www\extaz\lib\Cake\Event\CakeEventManager.php(242): call_user_func(Array, Object(CakeEvent))
#6 E:\dev\wamp\www\extaz\lib\Cake\Controller\Controller.php(674): CakeEventManager->dispatch(Object(CakeEvent))
#7 E:\dev\wamp\www\extaz\lib\Cake\Routing\Dispatcher.php(187): Controller->startupProcess()
#8 E:\dev\wamp\www\extaz\lib\Cake\Routing\Dispatcher.php(165): Dispatcher->_invoke(Object(PostsController), Object(CakeRequest))
#9 E:\dev\wamp\www\extaz\app\webroot\index.php(108): Dispatcher->dispatch(Object(CakeRequest), Object(CakeResponse))
#10 E:\dev\wamp\www\extaz\index.php(41): require('E:\\dev\\wamp\\www...')
#11 {main}
2015-11-09 07:47:04 Error: [MissingTableException] Table extaz_informations for model Informations was not found in datasource default.
Exception Attributes: array (
  'table' => 'extaz_informations',
  'class' => 'Informations',
  'ds' => 'default',
)
Request URL: /extaz/
Stack Trace:
#0 E:\dev\wamp\www\extaz\lib\Cake\Model\Model.php(3566): Model->setSource('informations')
#1 E:\dev\wamp\www\extaz\lib\Cake\Model\Model.php(2947): Model->getDataSource()
#2 E:\dev\wamp\www\extaz\lib\Cake\Model\Model.php(2919): Model->_readDataSource('first', Array)
#3 E:\dev\wamp\www\extaz\app\Controller\AppController.php(59): Model->find('first')
#4 [internal function]: AppController->beforeFilter(Object(CakeEvent))
#5 E:\dev\wamp\www\extaz\lib\Cake\Event\CakeEventManager.php(242): call_user_func(Array, Object(CakeEvent))
#6 E:\dev\wamp\www\extaz\lib\Cake\Controller\Controller.php(674): CakeEventManager->dispatch(Object(CakeEvent))
#7 E:\dev\wamp\www\extaz\lib\Cake\Routing\Dispatcher.php(187): Controller->startupProcess()
#8 E:\dev\wamp\www\extaz\lib\Cake\Routing\Dispatcher.php(165): Dispatcher->_invoke(Object(PostsController), Object(CakeRequest))
#9 E:\dev\wamp\www\extaz\app\webroot\index.php(108): Dispatcher->dispatch(Object(CakeRequest), Object(CakeResponse))
#10 E:\dev\wamp\www\extaz\index.php(41): require('E:\\dev\\wamp\\www...')
#11 {main}
2015-11-09 08:20:30 Error: Fatal Error (1): Function name must be a string in [E:\dev\wamp\www\extaz\lib\Cake\View\Helper.php, line 320]
2015-11-09 08:20:30 Error: [FatalErrorException] Function name must be a string
Request URL: /extaz/
Stack Trace:
#0 E:\dev\wamp\www\extaz\lib\Cake\Error\ErrorHandler.php(203): ErrorHandler::handleFatalError(1, 'Function name m...', 'E:\\dev\\wamp\\www...', 320)
#1 [internal function]: ErrorHandler::handleError(1, 'Function name m...', 'E:\\dev\\wamp\\www...', 320, Array)
#2 E:\dev\wamp\www\extaz\lib\Cake\Core\App.php(931): call_user_func('ErrorHandler::h...', 1, 'Function name m...', 'E:\\dev\\wamp\\www...', 320, Array)
#3 E:\dev\wamp\www\extaz\lib\Cake\Core\App.php(904): App::_checkFatalError()
#4 [internal function]: App::shutdown()
#5 {main}
2015-11-09 14:08:10 Error: Fatal Error (4): syntax error, unexpected '}' in [E:\dev\wamp\www\extaz\app\View\Posts\index.ctp, line 110]
2015-11-09 14:08:10 Error: [FatalErrorException] syntax error, unexpected '}'
Request URL: /extaz/
Stack Trace:
#0 E:\dev\wamp\www\extaz\lib\Cake\Error\ErrorHandler.php(203): ErrorHandler::handleFatalError(4, 'syntax error, u...', 'E:\\dev\\wamp\\www...', 110)
#1 [internal function]: ErrorHandler::handleError(4, 'syntax error, u...', 'E:\\dev\\wamp\\www...', 110, Array)
#2 E:\dev\wamp\www\extaz\lib\Cake\Core\App.php(931): call_user_func('ErrorHandler::h...', 4, 'syntax error, u...', 'E:\\dev\\wamp\\www...', 110, Array)
#3 E:\dev\wamp\www\extaz\lib\Cake\Core\App.php(904): App::_checkFatalError()
#4 [internal function]: App::shutdown()
#5 {main}
